example/build/app/intermediates/manifest_merge_blame_file/debug/manifest-merger-blame-debug-report.txt
1<?xml version="1.0" encoding="utf-8"?>
2<manifest xmlns:android="http://schemas.android.com/apk/res/android"
3    package="com.leeson.image_pickers_example"
4    android:versionCode="1"
5    android:versionName="1.0.0" >
6
7    <uses-sdk
8        android:minSdkVersion="21"
9        android:targetSdkVersion="29" />
10    <!--
11         Flutter needs it to communicate with the running application
12         to allow setting breakpoints, to provide hot reload, etc.
13    -->
14    <uses-permission android:name="android.permission.INTERNET" />
14-->src/debug/AndroidManifest.xml:6:5-66
14-->src/debug/AndroidManifest.xml:6:22-64
15    <uses-permission android:name="android.permission.CAMERA" />
15-->[:image_pickers] AndroidManifest.xml:7:5-65
15-->[:image_pickers] AndroidManifest.xml:7:22-62
16    <uses-permission android:name="android.permission.RECORD_AUDIO" />
16-->[:image_pickers] AndroidManifest.xml:8:5-71
16-->[:image_pickers] AndroidManifest.xml:8:22-68
17    <uses-permission android:name="android.permission.READ_EXTERNAL_STORAGE" />
17-->[:image_pickers] AndroidManifest.xml:9:5-80
17-->[:image_pickers] AndroidManifest.xml:9:22-77
18    <uses-permission android:name="android.permission.WRITE_EXTERNAL_STORAGE" />
18-->[:image_pickers] AndroidManifest.xml:10:5-81
18-->[:image_pickers] AndroidManifest.xml:10:22-78
19
20    <queries package="com.leeson.image_pickers_example" >
20-->[:image_pickers] AndroidManifest.xml:13:5-22:15
20-->[:image_pickers] AndroidManifest.xml:13:14-40
21        <intent>
21-->[:image_pickers] AndroidManifest.xml:14:9-17:18
22            <action android:name="android.media.action.IMAGE_CAPTURE" >
22-->[:image_pickers] AndroidManifest.xml:15:13-16:22
22-->[:image_pickers] AndroidManifest.xml:15:21-70
23            </action>
24        </intent>
25        <intent>
25-->[:image_pickers] AndroidManifest.xml:14:9-17:18
26            <action android:name="android.media.action.ACTION_VIDEO_CAPTURE" >
27            </action>
28        </intent>
29    </queries>
30    <!--
31 io.flutter.app.FlutterApplication is an android.app.Application that
32         calls FlutterMain.startInitialization(this); in its onCreate method.
33         In most cases you can leave this as-is, but you if you want to provide
34         additional functionality it is fine to subclass or reimplement
35         FlutterApplication and put your custom class here.
36    -->
37    <application
37-->src/main/AndroidManifest.xml:10:5-37:19
38        android:appComponentFactory="androidx.core.app.CoreComponentFactory"
38-->[androidx.core:core:1.6.0] AndroidManifest.xml:24:18-86
39        android:debuggable="true"
40        android:icon="@mipmap/ic_launcher"
40-->src/main/AndroidManifest.xml:12:9-43
41        android:label="image_pickers_example"
41-->src/main/AndroidManifest.xml:11:9-46
42        android:networkSecurityConfig="@xml/net_sec"
42-->[:image_pickers] AndroidManifest.xml:25:9-53
43        android:requestLegacyExternalStorage="true" >
43-->[:image_pickers] AndroidManifest.xml:26:9-52
44        <activity
44-->src/main/AndroidManifest.xml:14:9-33:20
45            android:name="io.flutter.plugins.MainActivity"
45-->src/main/AndroidManifest.xml:15:13-59
46            android:configChanges="orientation|keyboardHidden|keyboard|screenSize|locale|layoutDirection|fontScale|screenLayout|density|uiMode"
46-->src/main/AndroidManifest.xml:18:13-144
47            android:exported="true"
47-->src/main/AndroidManifest.xml:20:13-36
48            android:hardwareAccelerated="true"
48-->src/main/AndroidManifest.xml:19:13-47
49            android:launchMode="singleTop"
49-->src/main/AndroidManifest.xml:16:13-43
50            android:theme="@style/LaunchTheme"
50-->src/main/AndroidManifest.xml:17:13-47
51            android:windowSoftInputMode="adjustResize" >
51-->src/main/AndroidManifest.xml:21:13-55
52
53            <!--
54                 This keeps the window background of the activity showing
55                 until Flutter renders its first frame. It can be removed if
56                 there is no splash screen (such as the default splash screen
57                 defined in @style/LaunchTheme).
58            -->
59            <meta-data
59-->src/main/AndroidManifest.xml:26:13-28:40
60                android:name="io.flutter.app.android.SplashScreenUntilFirstFrame"
60-->src/main/AndroidManifest.xml:27:17-82
61                android:value="true" />
61-->src/main/AndroidManifest.xml:28:17-37
62
63            <intent-filter>
63-->src/main/AndroidManifest.xml:29:13-32:29
64                <action android:name="android.intent.action.MAIN" />
64-->src/main/AndroidManifest.xml:30:17-68
64-->src/main/AndroidManifest.xml:30:25-66
65
66                <category android:name="android.intent.category.LAUNCHER" />
66-->src/main/AndroidManifest.xml:31:17-76
66-->src/main/AndroidManifest.xml:31:27-74
67            </intent-filter>
68        </activity>
69
70        <meta-data
70-->src/main/AndroidManifest.xml:34:9-36:33
71            android:name="flutterEmbedding"
71-->src/main/AndroidManifest.xml:35:13-44
72            android:value="2" />
72-->src/main/AndroidManifest.xml:36:13-30
73        <!-- 适配9.0的系统 -->
74        <uses-library
74-->[:image_pickers] AndroidManifest.xml:29:9-31:40
75            android:name="org.apache.http.legacy"
75-->[:image_pickers] AndroidManifest.xml:30:13-50
76            android:required="false" /> <!-- 适配9.0的系统 -->
76-->[:image_pickers] AndroidManifest.xml:31:13-37
77        <activity
77-->[:image_pickers] AndroidManifest.xml:33:9-35:49
78            android:name="com.leeson.image_pickers.activitys.PermissionActivity"
78-->[:image_pickers] AndroidManifest.xml:34:13-81
79            android:theme="@style/TransTheme" />
79-->[:image_pickers] AndroidManifest.xml:35:13-46
80        <activity
80-->[:image_pickers] AndroidManifest.xml:36:9-38:49
81            android:name="com.leeson.image_pickers.activitys.SelectPicsActivity"
81-->[:image_pickers] AndroidManifest.xml:37:13-81
82            android:theme="@style/TransTheme" />
82-->[:image_pickers] AndroidManifest.xml:38:13-46
83        <activity
83-->[:image_pickers] AndroidManifest.xml:39:9-42:47
84            android:name="com.leeson.image_pickers.activitys.PhotosActivity"
84-->[:image_pickers] AndroidManifest.xml:40:13-77
85            android:screenOrientation="portrait"
85-->[:image_pickers] AndroidManifest.xml:41:13-49
86            android:theme="@style/AppTheme" />
86-->[:image_pickers] AndroidManifest.xml:42:13-44
87        <activity
87-->[:image_pickers] AndroidManifest.xml:43:9-46:47
88            android:name="com.leeson.image_pickers.activitys.VideoActivity"
88-->[:image_pickers] AndroidManifest.xml:44:13-76
89            android:configChanges="orientation|screenSize"
89-->[:image_pickers] AndroidManifest.xml:45:13-59
90            android:theme="@style/AppTheme" />
90-->[:image_pickers] AndroidManifest.xml:46:13-44
91
92        <provider
92-->[io.github.lucksiege:pictureselector:v3.10.6] AndroidManifest.xml:10:9-18:20
93            android:name="com.luck.picture.lib.basic.PictureFileProvider"
93-->[io.github.lucksiege:pictureselector:v3.10.6] AndroidManifest.xml:11:13-74
94            android:authorities="com.leeson.image_pickers_example.luckProvider"
94-->[io.github.lucksiege:pictureselector:v3.10.6] AndroidManifest.xml:12:13-64
95            android:exported="false"
95-->[io.github.lucksiege:pictureselector:v3.10.6] AndroidManifest.xml:13:13-37
96            android:grantUriPermissions="true" >
96-->[io.github.lucksiege:pictureselector:v3.10.6] AndroidManifest.xml:14:13-47
97            <meta-data
97-->[io.github.lucksiege:pictureselector:v3.10.6] AndroidManifest.xml:15:13-17:57
98                android:name="android.support.FILE_PROVIDER_PATHS"
98-->[io.github.lucksiege:pictureselector:v3.10.6] AndroidManifest.xml:16:17-67
99                android:resource="@xml/ps_file_paths" />
99-->[io.github.lucksiege:pictureselector:v3.10.6] AndroidManifest.xml:17:17-54
100        </provider>
101
102        <service
102-->[io.github.lucksiege:pictureselector:v3.10.6] AndroidManifest.xml:20:9-23:56
103            android:name="com.luck.picture.lib.service.ForegroundService"
103-->[io.github.lucksiege:pictureselector:v3.10.6] AndroidManifest.xml:21:13-74
104            android:enabled="true"
104-->[io.github.lucksiege:pictureselector:v3.10.6] AndroidManifest.xml:22:13-35
105            android:foregroundServiceType="location" />
105-->[io.github.lucksiege:pictureselector:v3.10.6] AndroidManifest.xml:23:13-53
106
107        <activity
107-->[io.github.lucksiege:pictureselector:v3.10.6] AndroidManifest.xml:25:9-29:20
108            android:name="com.luck.picture.lib.basic.PictureSelectorSupporterActivity"
108-->[io.github.lucksiege:pictureselector:v3.10.6] AndroidManifest.xml:26:13-87
109            android:configChanges="orientation|keyboardHidden|screenSize"
109-->[io.github.lucksiege:pictureselector:v3.10.6] AndroidManifest.xml:27:13-74
110            android:theme="@style/Base.Theme.NoActionBar" >
110-->[io.github.lucksiege:pictureselector:v3.10.6] AndroidManifest.xml:28:13-58
111        </activity>
112        <activity
112-->[io.github.lucksiege:pictureselector:v3.10.6] AndroidManifest.xml:30:9-34:20
113            android:name="com.luck.picture.lib.basic.PictureSelectorTransparentActivity"
113-->[io.github.lucksiege:pictureselector:v3.10.6] AndroidManifest.xml:31:13-89
114            android:configChanges="orientation|keyboardHidden|screenSize"
114-->[io.github.lucksiege:pictureselector:v3.10.6] AndroidManifest.xml:32:13-74
115            android:theme="@style/Picture.Theme.Translucent" >
115-->[io.github.lucksiege:pictureselector:v3.10.6] AndroidManifest.xml:33:13-61
116        </activity>
117        <activity
117-->[io.github.lucksiege:ucrop:v3.10.6] AndroidManifest.xml:10:9-14:72
118            android:name="com.yalantis.ucrop.UCropActivity"
118-->[io.github.lucksiege:ucrop:v3.10.6] AndroidManifest.xml:11:13-60
119            android:configChanges="orientation|keyboardHidden|screenSize"
119-->[io.github.lucksiege:ucrop:v3.10.6] AndroidManifest.xml:12:13-74
120            android:screenOrientation="portrait"
120-->[io.github.lucksiege:ucrop:v3.10.6] AndroidManifest.xml:13:13-49
121            android:theme="@style/Theme.AppCompat.Light.NoActionBar" />
121-->[io.github.lucksiege:ucrop:v3.10.6] AndroidManifest.xml:14:13-69
122        <activity
122-->[io.github.lucksiege:ucrop:v3.10.6] AndroidManifest.xml:15:9-19:72
123            android:name="com.yalantis.ucrop.UCropMultipleActivity"
123-->[io.github.lucksiege:ucrop:v3.10.6] AndroidManifest.xml:16:13-68
124            android:configChanges="orientation|keyboardHidden|screenSize"
124-->[io.github.lucksiege:ucrop:v3.10.6] AndroidManifest.xml:17:13-74
125            android:screenOrientation="portrait"
125-->[io.github.lucksiege:ucrop:v3.10.6] AndroidManifest.xml:18:13-49
126            android:theme="@style/Theme.AppCompat.Light.NoActionBar" />
126-->[io.github.lucksiege:ucrop:v3.10.6] AndroidManifest.xml:19:13-69
127
128        <uses-library
128-->[androidx.window:window:1.0.0-beta04] AndroidManifest.xml:25:9-27:40
129            android:name="androidx.window.extensions"
129-->[androidx.window:window:1.0.0-beta04] AndroidManifest.xml:26:13-54
130            android:required="false" />
130-->[androidx.window:window:1.0.0-beta04] AndroidManifest.xml:27:13-37
131        <uses-library
131-->[androidx.window:window:1.0.0-beta04] AndroidManifest.xml:28:9-30:40
132            android:name="androidx.window.sidecar"
132-->[androidx.window:window:1.0.0-beta04] AndroidManifest.xml:29:13-51
133            android:required="false" />
133-->[androidx.window:window:1.0.0-beta04] AndroidManifest.xml:30:13-37
134    </application>
135
136</manifest>